{"/Users/emanuellourenco/Projectos/GIT Projects/todo-app/src/components/Form/Button/Button.tsx": {"path":"/Users/emanuellourenco/Projectos/GIT Projects/todo-app/src/components/Form/Button/Button.tsx","statementMap":{"0":{"start":{"line":10,"column":39},"end":{"line":25,"column":1}},"1":{"start":{"line":16,"column":2},"end":{"line":24,"column":4}}},"fnMap":{"0":{"name":"(anonymous_0)","decl":{"start":{"line":10,"column":39},"end":{"line":10,"column":40}},"loc":{"start":{"line":15,"column":6},"end":{"line":25,"column":1}},"line":15}},"branchMap":{},"s":{"0":4,"1":10},"f":{"0":10},"b":{},"_coverageSchema":"1a1c01bbd47fc00a2c39e90264f33305004495a9","hash":"2ff055808d79f81b7a70bdf9951b5b4c86138dc4"}
,"/Users/emanuellourenco/Projectos/GIT Projects/todo-app/src/components/Form/IconButton/IconButton.tsx": {"path":"/Users/emanuellourenco/Projectos/GIT Projects/todo-app/src/components/Form/IconButton/IconButton.tsx","statementMap":{"0":{"start":{"line":9,"column":47},"end":{"line":17,"column":1}},"1":{"start":{"line":14,"column":2},"end":{"line":16,"column":11}}},"fnMap":{"0":{"name":"(anonymous_0)","decl":{"start":{"line":9,"column":47},"end":{"line":9,"column":48}},"loc":{"start":{"line":14,"column":2},"end":{"line":16,"column":11}},"line":14}},"branchMap":{},"s":{"0":3,"1":5},"f":{"0":5},"b":{},"_coverageSchema":"1a1c01bbd47fc00a2c39e90264f33305004495a9","hash":"14d0ab0c4b5349721ec654bd55b4fe11510e4563"}
,"/Users/emanuellourenco/Projectos/GIT Projects/todo-app/src/components/Form/Input/Input.tsx": {"path":"/Users/emanuellourenco/Projectos/GIT Projects/todo-app/src/components/Form/Input/Input.tsx","statementMap":{"0":{"start":{"line":4,"column":37},"end":{"line":28,"column":1}},"1":{"start":{"line":5,"column":23},"end":{"line":8,"column":3}},"2":{"start":{"line":6,"column":28},"end":{"line":6,"column":36}},"3":{"start":{"line":7,"column":4},"end":{"line":7,"column":30}},"4":{"start":{"line":10,"column":2},"end":{"line":27,"column":4}}},"fnMap":{"0":{"name":"(anonymous_0)","decl":{"start":{"line":4,"column":37},"end":{"line":4,"column":38}},"loc":{"start":{"line":4,"column":75},"end":{"line":28,"column":1}},"line":4},"1":{"name":"(anonymous_1)","decl":{"start":{"line":5,"column":23},"end":{"line":5,"column":24}},"loc":{"start":{"line":5,"column":67},"end":{"line":8,"column":3}},"line":5}},"branchMap":{"0":{"loc":{"start":{"line":12,"column":7},"end":{"line":16,"column":7}},"type":"binary-expr","locations":[{"start":{"line":12,"column":7},"end":{"line":12,"column":12}},{"start":{"line":13,"column":8},"end":{"line":15,"column":16}}],"line":12}},"s":{"0":3,"1":3,"2":1,"3":1,"4":3},"f":{"0":3,"1":1},"b":{"0":[3,3]},"_coverageSchema":"1a1c01bbd47fc00a2c39e90264f33305004495a9","hash":"f75f5af24ec2b52463e79c359b8d9b89e5d00f85"}
,"/Users/emanuellourenco/Projectos/GIT Projects/todo-app/src/components/Form/Tooltip/Tooltip.tsx": {"path":"/Users/emanuellourenco/Projectos/GIT Projects/todo-app/src/components/Form/Tooltip/Tooltip.tsx","statementMap":{"0":{"start":{"line":9,"column":41},"end":{"line":14,"column":1}},"1":{"start":{"line":10,"column":2},"end":{"line":13,"column":8}}},"fnMap":{"0":{"name":"(anonymous_0)","decl":{"start":{"line":9,"column":41},"end":{"line":9,"column":42}},"loc":{"start":{"line":10,"column":2},"end":{"line":13,"column":8}},"line":10}},"branchMap":{},"s":{"0":3,"1":4},"f":{"0":4},"b":{},"_coverageSchema":"1a1c01bbd47fc00a2c39e90264f33305004495a9","hash":"c369968930b0773f9d86acd3439c4c0c1bb584c3"}
,"/Users/emanuellourenco/Projectos/GIT Projects/todo-app/src/components/Layout/Layout.tsx": {"path":"/Users/emanuellourenco/Projectos/GIT Projects/todo-app/src/components/Layout/Layout.tsx","statementMap":{"0":{"start":{"line":10,"column":39},"end":{"line":18,"column":1}},"1":{"start":{"line":11,"column":2},"end":{"line":17,"column":4}}},"fnMap":{"0":{"name":"(anonymous_0)","decl":{"start":{"line":10,"column":39},"end":{"line":10,"column":40}},"loc":{"start":{"line":10,"column":66},"end":{"line":18,"column":1}},"line":10}},"branchMap":{},"s":{"0":0,"1":0},"f":{"0":0},"b":{}}
,"/Users/emanuellourenco/Projectos/GIT Projects/todo-app/src/components/Layout/Footer/Footer.tsx": {"path":"/Users/emanuellourenco/Projectos/GIT Projects/todo-app/src/components/Layout/Footer/Footer.tsx","statementMap":{"0":{"start":{"line":3,"column":26},"end":{"line":7,"column":1}},"1":{"start":{"line":4,"column":2},"end":{"line":6,"column":8}}},"fnMap":{"0":{"name":"(anonymous_0)","decl":{"start":{"line":3,"column":26},"end":{"line":3,"column":27}},"loc":{"start":{"line":4,"column":2},"end":{"line":6,"column":8}},"line":4}},"branchMap":{},"s":{"0":0,"1":0},"f":{"0":0},"b":{}}
,"/Users/emanuellourenco/Projectos/GIT Projects/todo-app/src/components/Layout/Header/Header.tsx": {"path":"/Users/emanuellourenco/Projectos/GIT Projects/todo-app/src/components/Layout/Header/Header.tsx","statementMap":{"0":{"start":{"line":7,"column":39},"end":{"line":14,"column":1}},"1":{"start":{"line":8,"column":2},"end":{"line":13,"column":11}}},"fnMap":{"0":{"name":"(anonymous_0)","decl":{"start":{"line":7,"column":39},"end":{"line":7,"column":40}},"loc":{"start":{"line":8,"column":2},"end":{"line":13,"column":11}},"line":8}},"branchMap":{},"s":{"0":0,"1":0},"f":{"0":0},"b":{}}
,"/Users/emanuellourenco/Projectos/GIT Projects/todo-app/src/components/Layout/Header/index.jsx": {"path":"/Users/emanuellourenco/Projectos/GIT Projects/todo-app/src/components/Layout/Header/index.jsx","statementMap":{},"fnMap":{},"branchMap":{},"s":{},"f":{},"b":{}}
,"/Users/emanuellourenco/Projectos/GIT Projects/todo-app/src/components/List/List.tsx": {"path":"/Users/emanuellourenco/Projectos/GIT Projects/todo-app/src/components/List/List.tsx","statementMap":{"0":{"start":{"line":11,"column":35},"end":{"line":18,"column":1}},"1":{"start":{"line":12,"column":2},"end":{"line":17,"column":5}},"2":{"start":{"line":15,"column":6},"end":{"line":15,"column":55}}},"fnMap":{"0":{"name":"(anonymous_0)","decl":{"start":{"line":11,"column":35},"end":{"line":11,"column":36}},"loc":{"start":{"line":12,"column":2},"end":{"line":17,"column":5}},"line":12},"1":{"name":"(anonymous_1)","decl":{"start":{"line":14,"column":14},"end":{"line":14,"column":15}},"loc":{"start":{"line":15,"column":6},"end":{"line":15,"column":55}},"line":15}},"branchMap":{},"s":{"0":1,"1":2,"2":3},"f":{"0":2,"1":3},"b":{},"_coverageSchema":"1a1c01bbd47fc00a2c39e90264f33305004495a9","hash":"6dc2d0010f657be31f8c828b0561a65a9f42e310"}
,"/Users/emanuellourenco/Projectos/GIT Projects/todo-app/src/components/List/ListHeader/ListHeader.tsx": {"path":"/Users/emanuellourenco/Projectos/GIT Projects/todo-app/src/components/List/ListHeader/ListHeader.tsx","statementMap":{"0":{"start":{"line":3,"column":30},"end":{"line":10,"column":1}},"1":{"start":{"line":4,"column":2},"end":{"line":9,"column":8}}},"fnMap":{"0":{"name":"(anonymous_0)","decl":{"start":{"line":3,"column":30},"end":{"line":3,"column":31}},"loc":{"start":{"line":4,"column":2},"end":{"line":9,"column":8}},"line":4}},"branchMap":{},"s":{"0":1,"1":2},"f":{"0":2},"b":{},"_coverageSchema":"1a1c01bbd47fc00a2c39e90264f33305004495a9","hash":"b2aeefb694dcd85c38568c1524b84474433fe855"}
,"/Users/emanuellourenco/Projectos/GIT Projects/todo-app/src/components/List/ListItem/ListItem.tsx": {"path":"/Users/emanuellourenco/Projectos/GIT Projects/todo-app/src/components/List/ListItem/ListItem.tsx","statementMap":{"0":{"start":{"line":13,"column":43},"end":{"line":63,"column":1}},"1":{"start":{"line":17,"column":43},"end":{"line":17,"column":55}},"2":{"start":{"line":19,"column":2},"end":{"line":62,"column":4}},"3":{"start":{"line":40,"column":31},"end":{"line":40,"column":46}},"4":{"start":{"line":47,"column":31},"end":{"line":47,"column":68}},"5":{"start":{"line":56,"column":29},"end":{"line":56,"column":68}}},"fnMap":{"0":{"name":"(anonymous_0)","decl":{"start":{"line":13,"column":43},"end":{"line":13,"column":44}},"loc":{"start":{"line":16,"column":6},"end":{"line":63,"column":1}},"line":16},"1":{"name":"(anonymous_1)","decl":{"start":{"line":40,"column":25},"end":{"line":40,"column":26}},"loc":{"start":{"line":40,"column":31},"end":{"line":40,"column":46}},"line":40},"2":{"name":"(anonymous_2)","decl":{"start":{"line":47,"column":25},"end":{"line":47,"column":26}},"loc":{"start":{"line":47,"column":31},"end":{"line":47,"column":68}},"line":47},"3":{"name":"(anonymous_3)","decl":{"start":{"line":56,"column":23},"end":{"line":56,"column":24}},"loc":{"start":{"line":56,"column":29},"end":{"line":56,"column":68}},"line":56}},"branchMap":{"0":{"loc":{"start":{"line":28,"column":10},"end":{"line":28,"column":55}},"type":"binary-expr","locations":[{"start":{"line":28,"column":10},"end":{"line":28,"column":37}},{"start":{"line":28,"column":41},"end":{"line":28,"column":55}}],"line":28},"1":{"loc":{"start":{"line":34,"column":9},"end":{"line":59,"column":9}},"type":"cond-expr","locations":[{"start":{"line":35,"column":10},"end":{"line":50,"column":13}},{"start":{"line":52,"column":10},"end":{"line":58,"column":20}}],"line":34}},"s":{"0":1,"1":3,"2":3,"3":0,"4":0,"5":0},"f":{"0":3,"1":0,"2":0,"3":0},"b":{"0":[3,0],"1":[0,3]},"_coverageSchema":"1a1c01bbd47fc00a2c39e90264f33305004495a9","hash":"b86966a748b9a61c66daa5bab1c95a0308eb83f3"}
,"/Users/emanuellourenco/Projectos/GIT Projects/todo-app/src/components/Modal/Modal.tsx": {"path":"/Users/emanuellourenco/Projectos/GIT Projects/todo-app/src/components/Modal/Modal.tsx","statementMap":{"0":{"start":{"line":17,"column":37},"end":{"line":42,"column":1}},"1":{"start":{"line":26,"column":2},"end":{"line":41,"column":5}}},"fnMap":{"0":{"name":"(anonymous_0)","decl":{"start":{"line":17,"column":37},"end":{"line":17,"column":38}},"loc":{"start":{"line":26,"column":2},"end":{"line":41,"column":5}},"line":26}},"branchMap":{},"s":{"0":1,"1":3},"f":{"0":3},"b":{},"_coverageSchema":"1a1c01bbd47fc00a2c39e90264f33305004495a9","hash":"a0b3620a8b70337fa70c2379d05e8cd3bc92a19f"}
,"/Users/emanuellourenco/Projectos/GIT Projects/todo-app/src/components/Modal/ModalActions.tsx": {"path":"/Users/emanuellourenco/Projectos/GIT Projects/todo-app/src/components/Modal/ModalActions.tsx","statementMap":{"0":{"start":{"line":12,"column":51},"end":{"line":34,"column":1}},"1":{"start":{"line":19,"column":2},"end":{"line":33,"column":8}}},"fnMap":{"0":{"name":"(anonymous_0)","decl":{"start":{"line":12,"column":51},"end":{"line":12,"column":52}},"loc":{"start":{"line":19,"column":2},"end":{"line":33,"column":8}},"line":19}},"branchMap":{"0":{"loc":{"start":{"line":21,"column":13},"end":{"line":21,"column":34}},"type":"binary-expr","locations":[{"start":{"line":21,"column":13},"end":{"line":21,"column":23}},{"start":{"line":21,"column":27},"end":{"line":21,"column":34}}],"line":21},"1":{"loc":{"start":{"line":26,"column":13},"end":{"line":26,"column":34}},"type":"binary-expr","locations":[{"start":{"line":26,"column":13},"end":{"line":26,"column":24}},{"start":{"line":26,"column":28},"end":{"line":26,"column":34}}],"line":26},"2":{"loc":{"start":{"line":28,"column":8},"end":{"line":28,"column":74}},"type":"cond-expr","locations":[{"start":{"line":28,"column":20},"end":{"line":28,"column":39}},{"start":{"line":28,"column":42},"end":{"line":28,"column":74}}],"line":28}},"s":{"0":1,"1":3},"f":{"0":3},"b":{"0":[3,3],"1":[3,3],"2":[2,1]},"_coverageSchema":"1a1c01bbd47fc00a2c39e90264f33305004495a9","hash":"e541a5b9a0c6dbfb00013864f73cc30049f54fe5"}
,"/Users/emanuellourenco/Projectos/GIT Projects/todo-app/src/components/Modal/ModalTitle.tsx": {"path":"/Users/emanuellourenco/Projectos/GIT Projects/todo-app/src/components/Modal/ModalTitle.tsx","statementMap":{"0":{"start":{"line":7,"column":47},"end":{"line":11,"column":1}},"1":{"start":{"line":8,"column":2},"end":{"line":10,"column":8}}},"fnMap":{"0":{"name":"(anonymous_0)","decl":{"start":{"line":7,"column":47},"end":{"line":7,"column":48}},"loc":{"start":{"line":8,"column":2},"end":{"line":10,"column":8}},"line":8}},"branchMap":{},"s":{"0":1,"1":3},"f":{"0":3},"b":{},"_coverageSchema":"1a1c01bbd47fc00a2c39e90264f33305004495a9","hash":"b473dff1821cb580a44524156d96a68f76cb086a"}
,"/Users/emanuellourenco/Projectos/GIT Projects/todo-app/src/components/Modal/Backdrop/Backdrop.tsx": {"path":"/Users/emanuellourenco/Projectos/GIT Projects/todo-app/src/components/Modal/Backdrop/Backdrop.tsx","statementMap":{"0":{"start":{"line":1,"column":24},"end":{"line":3,"column":1}},"1":{"start":{"line":2,"column":2},"end":{"line":2,"column":85}}},"fnMap":{"0":{"name":"(anonymous_0)","decl":{"start":{"line":1,"column":24},"end":{"line":1,"column":25}},"loc":{"start":{"line":2,"column":2},"end":{"line":2,"column":85}},"line":2}},"branchMap":{},"s":{"0":1,"1":3},"f":{"0":3},"b":{},"_coverageSchema":"1a1c01bbd47fc00a2c39e90264f33305004495a9","hash":"56a5c0d1cb89ce4101399e99eeda2dbfcc57cf68"}
,"/Users/emanuellourenco/Projectos/GIT Projects/todo-app/src/pages/App.tsx": {"path":"/Users/emanuellourenco/Projectos/GIT Projects/todo-app/src/pages/App.tsx","statementMap":{"0":{"start":{"line":6,"column":19},"end":{"line":20,"column":1}},"1":{"start":{"line":7,"column":26},"end":{"line":7,"column":46}},"2":{"start":{"line":8,"column":16},"end":{"line":13,"column":12}},"3":{"start":{"line":9,"column":4},"end":{"line":12,"column":6}},"4":{"start":{"line":15,"column":2},"end":{"line":19,"column":4}}},"fnMap":{"0":{"name":"(anonymous_0)","decl":{"start":{"line":6,"column":19},"end":{"line":6,"column":20}},"loc":{"start":{"line":6,"column":25},"end":{"line":20,"column":1}},"line":6},"1":{"name":"(anonymous_1)","decl":{"start":{"line":8,"column":24},"end":{"line":8,"column":25}},"loc":{"start":{"line":8,"column":30},"end":{"line":13,"column":3}},"line":8}},"branchMap":{},"s":{"0":0,"1":0,"2":0,"3":0,"4":0},"f":{"0":0,"1":0},"b":{}}
,"/Users/emanuellourenco/Projectos/GIT Projects/todo-app/src/pages/Main/Main.tsx": {"path":"/Users/emanuellourenco/Projectos/GIT Projects/todo-app/src/pages/Main/Main.tsx","statementMap":{"0":{"start":{"line":9,"column":20},"end":{"line":40,"column":1}},"1":{"start":{"line":10,"column":40},"end":{"line":10,"column":64}},"2":{"start":{"line":11,"column":22},"end":{"line":11,"column":34}},"3":{"start":{"line":12,"column":19},"end":{"line":12,"column":43}},"4":{"start":{"line":13,"column":26},"end":{"line":13,"column":46}},"5":{"start":{"line":15,"column":23},"end":{"line":24,"column":3}},"6":{"start":{"line":16,"column":4},"end":{"line":16,"column":72}},"7":{"start":{"line":17,"column":4},"end":{"line":17,"column":26}},"8":{"start":{"line":18,"column":4},"end":{"line":22,"column":7}},"9":{"start":{"line":23,"column":4},"end":{"line":23,"column":16}},"10":{"start":{"line":26,"column":2},"end":{"line":39,"column":4}},"11":{"start":{"line":27,"column":27},"end":{"line":27,"column":47}},"12":{"start":{"line":34,"column":25},"end":{"line":34,"column":46}}},"fnMap":{"0":{"name":"(anonymous_0)","decl":{"start":{"line":9,"column":20},"end":{"line":9,"column":21}},"loc":{"start":{"line":9,"column":26},"end":{"line":40,"column":1}},"line":9},"1":{"name":"(anonymous_1)","decl":{"start":{"line":15,"column":23},"end":{"line":15,"column":24}},"loc":{"start":{"line":15,"column":29},"end":{"line":24,"column":3}},"line":15},"2":{"name":"(anonymous_2)","decl":{"start":{"line":27,"column":21},"end":{"line":27,"column":22}},"loc":{"start":{"line":27,"column":27},"end":{"line":27,"column":47}},"line":27},"3":{"name":"(anonymous_3)","decl":{"start":{"line":34,"column":19},"end":{"line":34,"column":20}},"loc":{"start":{"line":34,"column":25},"end":{"line":34,"column":46}},"line":34}},"branchMap":{"0":{"loc":{"start":{"line":30,"column":7},"end":{"line":37,"column":7}},"type":"binary-expr","locations":[{"start":{"line":30,"column":7},"end":{"line":30,"column":18}},{"start":{"line":31,"column":8},"end":{"line":36,"column":10}}],"line":30}},"s":{"0":0,"1":0,"2":0,"3":0,"4":0,"5":0,"6":0,"7":0,"8":0,"9":0,"10":0,"11":0,"12":0},"f":{"0":0,"1":0,"2":0,"3":0},"b":{"0":[0,0]}}
,"/Users/emanuellourenco/Projectos/GIT Projects/todo-app/src/pages/Main/AddTaskModal/AddTaskModal.tsx": {"path":"/Users/emanuellourenco/Projectos/GIT Projects/todo-app/src/pages/Main/AddTaskModal/AddTaskModal.tsx","statementMap":{"0":{"start":{"line":12,"column":51},"end":{"line":34,"column":1}},"1":{"start":{"line":18,"column":23},"end":{"line":21,"column":3}},"2":{"start":{"line":19,"column":22},"end":{"line":19,"column":25}},"3":{"start":{"line":20,"column":4},"end":{"line":20,"column":20}},"4":{"start":{"line":23,"column":2},"end":{"line":33,"column":4}}},"fnMap":{"0":{"name":"(anonymous_0)","decl":{"start":{"line":12,"column":51},"end":{"line":12,"column":52}},"loc":{"start":{"line":17,"column":6},"end":{"line":34,"column":1}},"line":17},"1":{"name":"(anonymous_1)","decl":{"start":{"line":18,"column":23},"end":{"line":18,"column":24}},"loc":{"start":{"line":18,"column":52},"end":{"line":21,"column":3}},"line":18}},"branchMap":{},"s":{"0":0,"1":0,"2":0,"3":0,"4":0},"f":{"0":0,"1":0},"b":{}}
}
